2023/10/08 22:36:54 - Kitchen - Start of run.
2023/10/08 22:36:58 - main - Start of job execution
2023/10/08 22:36:58 - main - Starting entry [parameters]
2023/10/08 22:36:58 - parameters - Using run configuration [Pentaho local]
2023/10/08 22:36:58 - parameters - Dispatching started for transformation [parameters]
2023/10/08 22:37:00 - Table input.0 - Finished reading query, closing connection
2023/10/08 22:37:00 - Sort rows.0 - Finished processing (I=0, O=0, R=8, W=8, U=0, E=0)
2023/10/08 22:37:00 - Row denormaliser.0 - Finished processing (I=0, O=0, R=8, W=1, U=0, E=0)
2023/10/08 22:37:00 - Table input.0 - Finished processing (I=8, O=0, R=0, W=8, U=0, E=0)
2023/10/08 22:37:00 - Select values.0 - Finished processing (I=0, O=0, R=1, W=1, U=0, E=0)
2023/10/08 22:37:00 - Set variables.0 - Setting environment variables...
2023/10/08 22:37:00 - Set variables.0 - Set variable SISTEMA to value [OMEGA]
2023/10/08 22:37:00 - Set variables.0 - Set variable HOSTNAME to value [localhost]
2023/10/08 22:37:00 - Set variables.0 - Set variable DATABASENAME to value [xe]
2023/10/08 22:37:00 - Set variables.0 - Set variable PORTNUMBER to value [1521]
2023/10/08 22:37:00 - Set variables.0 - Set variable USERNAME to value [SYSTEM]
2023/10/08 22:37:00 - Set variables.0 - Set variable PASSWORD to value [cmcc]
2023/10/08 22:37:00 - Set variables.0 - Set variable SCHEMA to value [ODS]
2023/10/08 22:37:00 - Set variables.0 - Set variable SCHEMA_DW to value [DATA_WAREHOUSE]
2023/10/08 22:37:00 - Set variables.0 - Set variable DIR_FILE to value [C:\REPOSITORIO\OMEGA]
2023/10/08 22:37:00 - Set variables.0 - Finished after 1 rows.
2023/10/08 22:37:00 - Set variables.0 - Finished processing (I=0, O=0, R=1, W=1, U=0, E=0)
2023/10/08 22:37:00 - main - Starting entry [Replica]
2023/10/08 22:37:00 - Replica - Using run configuration [Pentaho local]
2023/10/08 22:37:00 - replica - Starting entry [Dummy]
2023/10/08 22:37:00 - replica - Starting entry [replica 4]
2023/10/08 22:37:00 - replica - Launched job entry [replica 4] in parallel.
2023/10/08 22:37:00 - replica - Starting entry [Replica 3]
2023/10/08 22:37:00 - replica - Launched job entry [Replica 3] in parallel.
2023/10/08 22:37:00 - replica - Starting entry [Replica 1 2]
2023/10/08 22:37:00 - replica - Launched job entry [Replica 1 2] in parallel.
2023/10/08 22:37:00 - Replica 3 - Using run configuration [Pentaho local]
2023/10/08 22:37:00 - replica_3 - Starting entry [Truncate tables]
2023/10/08 22:37:00 - replica 4 - Using run configuration [Pentaho local]
2023/10/08 22:37:00 - Replica 1 2 - Using run configuration [Pentaho local]2023/10/08 22:37:00 - replica_4 - Starting entry [Truncate tables]

2023/10/08 22:37:00 - replica_1_2 - Starting entry [Truncate tables]
2023/10/08 22:37:01 - replica_3 - Starting entry [Dummy]
2023/10/08 22:37:01 - replica_3 - Starting entry [Person]
2023/10/08 22:37:01 - replica_3 - Launched job entry [Person] in parallel.
2023/10/08 22:37:01 - replica_3 - Starting entry [EmployeePayHistory]
2023/10/08 22:37:01 - replica_3 - Launched job entry [EmployeePayHistory] in parallel.
2023/10/08 22:37:01 - replica_3 - Starting entry [PersonPhone]
2023/10/08 22:37:01 - replica_3 - Launched job entry [PersonPhone] in parallel.
2023/10/08 22:37:01 - replica_3 - Starting entry [Product]
2023/10/08 22:37:01 - replica_3 - Launched job entry [Product] in parallel.
2023/10/08 22:37:01 - EmployeePayHistory - Using run configuration [Pentaho local]
2023/10/08 22:37:01 - EmployeePayHistory - Dispatching started for transformation [EmployeePayHistory]
2023/10/08 22:37:01 - Product - Using run configuration [Pentaho local]
2023/10/08 22:37:01 - Product - Dispatching started for transformation [Product]
2023/10/08 22:37:01 - PersonPhone - Using run configuration [Pentaho local]
2023/10/08 22:37:01 - PersonPhone - Dispatching started for transformation [PersonPhone]
2023/10/08 22:37:01 - Person - Using run configuration [Pentaho local]
2023/10/08 22:37:01 - Person - Dispatching started for transformation [Person]
2023/10/08 22:37:01 - Table output.0 - Connected to database [ORACLE_CONNECTION] (commit=1000)
2023/10/08 22:37:01 - replica_4 - Starting entry [Dummy]
2023/10/08 22:37:01 - replica_4 - Starting entry [Product Category]
2023/10/08 22:37:01 - replica_4 - Launched job entry [Product Category] in parallel.
2023/10/08 22:37:01 - Table output.0 - Connected to database [ORACLE_CONNECTION] (commit=1000)
2023/10/08 22:37:01 - replica_4 - Starting entry [Product Subcategory]
2023/10/08 22:37:01 - replica_4 - Launched job entry [Product Subcategory] in parallel.
2023/10/08 22:37:01 - replica_4 - Starting entry [State Province]
2023/10/08 22:37:01 - replica_4 - Launched job entry [State Province] in parallel.
2023/10/08 22:37:01 - Table output.0 - Connected to database [local] (commit=1000)
2023/10/08 22:37:01 - Product Category - Using run configuration [Pentaho local]
2023/10/08 22:37:01 - replica_1_2 - Starting entry [Dummy]
2023/10/08 22:37:01 - Table output.0 - Connected to database [ORACLE_CONNECTION] (commit=1000)
2023/10/08 22:37:01 - State Province - Using run configuration [Pentaho local]
2023/10/08 22:37:01 - ProductCategory - Dispatching started for transformation [ProductCategory]
2023/10/08 22:37:01 - StateProvince - Dispatching started for transformation [StateProvince]
2023/10/08 22:37:01 - replica_1_2 - Starting entry [Department]
2023/10/08 22:37:01 - Product Subcategory - Using run configuration [Pentaho local]
2023/10/08 22:37:01 - replica_1_2 - Launched job entry [Department] in parallel.
2023/10/08 22:37:01 - ProductSubcategory - Dispatching started for transformation [ProductSubcategory]
2023/10/08 22:37:01 - replica_1_2 - Starting entry [EmailAddress]
2023/10/08 22:37:01 - replica_1_2 - Launched job entry [EmailAddress] in parallel.
2023/10/08 22:37:01 - replica_1_2 - Starting entry [Employee]
2023/10/08 22:37:01 - replica_1_2 - Launched job entry [Employee] in parallel.
2023/10/08 22:37:01 - replica_1_2 - Starting entry [EmployeeDeptHistory]
2023/10/08 22:37:01 - replica_1_2 - Launched job entry [EmployeeDeptHistory] in parallel.
2023/10/08 22:37:01 - replica_1_2 - Starting entry [Address]
2023/10/08 22:37:01 - replica_1_2 - Launched job entry [Address] in parallel.
2023/10/08 22:37:01 - replica_1_2 - Starting entry [BusinessEntity]
2023/10/08 22:37:01 - replica_1_2 - Launched job entry [BusinessEntity] in parallel.
2023/10/08 22:37:01 - replica_1_2 - Starting entry [CountryRegion]
2023/10/08 22:37:01 - replica_1_2 - Launched job entry [CountryRegion] in parallel.
2023/10/08 22:37:01 - replica_1_2 - Starting entry [BusinessEntityAddress]
2023/10/08 22:37:01 - replica_1_2 - Launched job entry [BusinessEntityAddress] in parallel.
2023/10/08 22:37:01 - EmailAddress - Using run configuration [Pentaho local]
2023/10/08 22:37:01 - EmailAddress - Dispatching started for transformation [EmailAddress]
2023/10/08 22:37:01 - CountryRegion - Using run configuration [Pentaho local]
2023/10/08 22:37:01 - BusinessEntity - Using run configuration [Pentaho local]
2023/10/08 22:37:01 - BusinessEntity - Dispatching started for transformation [BusinessEntity]
2023/10/08 22:37:01 - Department - Using run configuration [Pentaho local]
2023/10/08 22:37:01 - CountryRegion - Dispatching started for transformation [CountryRegion]
2023/10/08 22:37:01 - EmployeeDeptHistory - Using run configuration [Pentaho local]
2023/10/08 22:37:01 - EmployeeDepartmentHistoryTrf - Dispatching started for transformation [EmployeeDepartmentHistoryTrf]
2023/10/08 22:37:01 - Address - Using run configuration [Pentaho local]
2023/10/08 22:37:01 - Address - Dispatching started for transformation [Address]
2023/10/08 22:37:01 - DepartmentTrf - Dispatching started for transformation [DepartmentTrf]
2023/10/08 22:37:01 - BusinessEntityAddress - Using run configuration [Pentaho local]
2023/10/08 22:37:01 - Employee - Using run configuration [Pentaho local]
2023/10/08 22:37:01 - BusinessEntityAddress - Dispatching started for transformation [BusinessEntityAddress]
2023/10/08 22:37:01 - EmployeeTrf - Dispatching started for transformation [EmployeeTrf]
2023/10/08 22:37:01 - Table output.0 - Connected to database [ORACLE_CONNECTION] (commit=1000)
2023/10/08 22:37:01 - Table output.0 - Connected to database [ORACLE_CONNECTION] (commit=1000)
2023/10/08 22:37:01 - Table output.0 - Connected to database [ORACLE_CONNECTION] (commit=1000)
2023/10/08 22:37:02 - Table output.0 - Connected to database [ORACLE_CONNECTION] (commit=1000)
2023/10/08 22:37:02 - Table output.0 - Connected to database [ORACLE_CONNECTION] (commit=1000)
2023/10/08 22:37:02 - Table output.0 - Connected to database [ORACLE_CONNECTION] (commit=1000)
2023/10/08 22:37:02 - Table output.0 - Connected to database [ORACLE_CONNECTION] (commit=1000)
2023/10/08 22:37:02 - Table output.0 - Connected to database [ORACLE_CONNECTION] (commit=1000)
2023/10/08 22:37:02 - Table output.0 - Connected to database [ORACLE_CONNECTION] (commit=1000)
2023/10/08 22:37:02 - Table output.0 - Connected to database [ORACLE_CONNECTION] (commit=1000)
2023/10/08 22:37:02 - Table output.0 - Connected to database [ORACLE_CONNECTION] (commit=1000)
2023/10/08 22:37:03 - Microsoft Excel input.0 - Finished processing (I=4, O=0, R=0, W=4, U=0, E=0)
2023/10/08 22:37:03 - Select values.0 - Finished processing (I=0, O=0, R=4, W=4, U=0, E=0)
2023/10/08 22:37:03 - Department Excel input.0 - Finished processing (I=16, O=0, R=0, W=16, U=0, E=0)
2023/10/08 22:37:03 - Microsoft Excel input.0 - Finished processing (I=181, O=0, R=0, W=181, U=0, E=0)
2023/10/08 22:37:03 - Employee Department History Excel input.0 - Finished processing (I=296, O=0, R=0, W=296, U=0, E=0)
2023/10/08 22:37:03 - EMPLOYEE_PAY_HISTORY.0 - Finished processing (I=316, O=0, R=0, W=316, U=0, E=0)
2023/10/08 22:37:03 - Country Region Excel input.0 - Finished processing (I=238, O=0, R=0, W=238, U=0, E=0)
2023/10/08 22:37:03 - Table output.0 - Finished processing (I=0, O=16, R=16, W=16, U=0, E=0)
2023/10/08 22:37:03 - Microsoft Excel input.0 - Finished processing (I=37, O=0, R=0, W=37, U=0, E=0)
2023/10/08 22:37:03 - replica_1_2 - Starting entry [File1]
2023/10/08 22:37:03 - Select values.0 - Finished processing (I=0, O=0, R=181, W=181, U=0, E=0)
2023/10/08 22:37:03 - Select values.0 - Finished processing (I=0, O=0, R=37, W=37, U=0, E=0)
2023/10/08 22:37:03 - File1 - File [C:\REPOSITORIO\OMEGA\Transformations\file1.txt] created!
2023/10/08 22:37:03 - replica_1_2 - Starting entry [Wait1]
2023/10/08 22:37:03 - Wait1 - Waiting 3600 seconds for file [C:\REPOSITORIO\OMEGA\Transformations\file1.txt]
2023/10/08 22:37:03 - Wait1 - Detected file [C:\REPOSITORIO\OMEGA\Transformations\file1.txt] within timeout
2023/10/08 22:37:03 - replica_1_2 - Starting entry [Wait2]
2023/10/08 22:37:03 - Wait2 - Waiting 3600 seconds for file [C:\REPOSITORIO\OMEGA\Transformations\file2.txt]
2023/10/08 22:37:04 - Table output.0 - Finished processing (I=0, O=316, R=316, W=316, U=0, E=0)
2023/10/08 22:37:04 - Table output.0 - Finished processing (I=0, O=296, R=296, W=296, U=0, E=0)
2023/10/08 22:37:04 - replica_3 - Starting entry [Employee Pay History File]
2023/10/08 22:37:04 - Table output.0 - Finished processing (I=0, O=4, R=4, W=4, U=0, E=0)
2023/10/08 22:37:04 - Table output.0 - Finished processing (I=0, O=181, R=181, W=181, U=0, E=0)
2023/10/08 22:37:04 - Table output.0 - Finished processing (I=0, O=37, R=37, W=37, U=0, E=0)
2023/10/08 22:37:04 - Employee Pay History File - File [C:\REPOSITORIO\OMEGA\Transformations\employeeDepartmentHistoryFile.txt] created!
2023/10/08 22:37:04 - replica_1_2 - Starting entry [File4]
2023/10/08 22:37:04 - replica_4 - Starting entry [State Province File]
2023/10/08 22:37:04 - replica_3 - Finished job entry [Employee Pay History File] (result=[true])
2023/10/08 22:37:04 - File4 - File [C:\REPOSITORIO\OMEGA\Transformations\file4.txt] created!
2023/10/08 22:37:04 - replica_1_2 - Finished job entry [File4] (result=[true])
2023/10/08 22:37:04 - replica_4 - Starting entry [Product Subcategory File]
2023/10/08 22:37:04 - Product Subcategory File - File [C:\REPOSITORIO\OMEGA\productSubcategoryFile.txt] created!
2023/10/08 22:37:04 - replica_4 - Finished job entry [Product Subcategory File] (result=[true])
2023/10/08 22:37:04 - replica_4 - Starting entry [Product Category File]
2023/10/08 22:37:04 - Table output.0 - Finished processing (I=0, O=290, R=290, W=290, U=0, E=0)
2023/10/08 22:37:04 - State Province File - File [C:\REPOSITORIO\OMEGA\stateProvinceFile.txt] created!
2023/10/08 22:37:04 - Product Category File - File [C:\REPOSITORIO\OMEGA\productCategoryFile.txt] created!
2023/10/08 22:37:04 - Employee Excel input.0 - Finished processing (I=290, O=0, R=0, W=290, U=0, E=0)
2023/10/08 22:37:04 - replica_4 - Starting entry [Wait Product Category File]
2023/10/08 22:37:04 - replica_1_2 - Starting entry [File3]
2023/10/08 22:37:04 - replica_4 - Finished job entry [State Province File] (result=[true])
2023/10/08 22:37:04 - Wait Product Category File - Waiting 3600 seconds for file [C:\REPOSITORIO\OMEGA\productCategoryFile.txt]
2023/10/08 22:37:04 - Wait Product Category File - Detected file [C:\REPOSITORIO\OMEGA\productCategoryFile.txt] within timeout
2023/10/08 22:37:04 - File3 - File [C:\REPOSITORIO\OMEGA\Transformations\file3.txt] created!
2023/10/08 22:37:04 - replica_4 - Starting entry [Wait Product SubCategory File]
2023/10/08 22:37:04 - replica_1_2 - Finished job entry [File3] (result=[true])
2023/10/08 22:37:04 - Wait Product SubCategory File - Waiting 3600 seconds for file [C:\REPOSITORIO\OMEGA\productSubcategoryFile.txt]
2023/10/08 22:37:04 - Wait Product SubCategory File - Detected file [C:\REPOSITORIO\OMEGA\productSubcategoryFile.txt] within timeout
2023/10/08 22:37:04 - replica_4 - Starting entry [Wait State Province File]
2023/10/08 22:37:04 - Wait State Province File - Waiting 3600 seconds for file [C:\REPOSITORIO\OMEGA\stateProvinceFile.txt]
2023/10/08 22:37:04 - Wait State Province File - Detected file [C:\REPOSITORIO\OMEGA\stateProvinceFile.txt] within timeout
2023/10/08 22:37:04 - replica_4 - Starting entry [Delete files]
2023/10/08 22:37:04 - replica_4 - Starting entry [OK]
2023/10/08 22:37:04 - FINALIZADO - CARGA DE REPLICA 4 FINALIZADA CON EXITO
2023/10/08 22:37:04 - replica_4 - Starting entry [Success]
2023/10/08 22:37:04 - replica_4 - Finished job entry [Success] (result=[true])
2023/10/08 22:37:04 - replica_4 - Finished job entry [OK] (result=[true])
2023/10/08 22:37:04 - replica_4 - Finished job entry [Delete files] (result=[true])
2023/10/08 22:37:04 - replica_4 - Finished job entry [Wait State Province File] (result=[true])
2023/10/08 22:37:04 - replica_4 - Finished job entry [Wait Product SubCategory File] (result=[true])
2023/10/08 22:37:04 - replica_4 - Finished job entry [Wait Product Category File] (result=[true])
2023/10/08 22:37:04 - replica_4 - Finished job entry [Product Category File] (result=[true])
2023/10/08 22:37:04 - replica_4 - Finished job entry [Dummy] (result=[true])
2023/10/08 22:37:04 - replica_4 - Finished job entry [Truncate tables] (result=[true])
2023/10/08 22:37:04 - replica - Starting entry [Ok]
2023/10/08 22:37:04 - FINALIZADO - CARGA DE REPLICAS FINALIZADA CON EXITO
2023/10/08 22:37:04 - replica - Starting entry [Success]
2023/10/08 22:37:04 - replica - Finished job entry [Success] (result=[true])
2023/10/08 22:37:04 - replica - Finished job entry [Ok] (result=[true])
2023/10/08 22:37:05 - Table output.0 - Finished processing (I=0, O=238, R=238, W=238, U=0, E=0)
2023/10/08 22:37:04 - PRODUCT.0 - Finished processing (I=504, O=0, R=0, W=504, U=0, E=0)
2023/10/08 22:37:05 - replica_1_2 - Starting entry [File7]
2023/10/08 22:37:05 - File7 - File [C:\REPOSITORIO\OMEGA\Transformations\file7.txt] created!
2023/10/08 22:37:05 - replica_1_2 - Finished job entry [File7] (result=[true])
2023/10/08 22:37:05 - Table output.0 - Finished processing (I=0, O=504, R=504, W=504, U=0, E=0)
2023/10/08 22:37:05 - replica_3 - Starting entry [Product File]
2023/10/08 22:37:05 - Product File - File [C:\REPOSITORIO\OMEGA\Transformations\productFile.txt] created!
2023/10/08 22:37:05 - replica_3 - Finished job entry [Product File] (result=[true])
2023/10/08 22:37:09 - Business Entity Excel input.0 - Finished processing (I=20777, O=0, R=0, W=20777, U=0, E=0)
2023/10/08 22:37:09 - Table output.0 - Finished processing (I=0, O=20777, R=20777, W=20777, U=0, E=0)
2023/10/08 22:37:09 - replica_1_2 - Starting entry [File6]
2023/10/08 22:37:10 - File6 - File [C:\REPOSITORIO\OMEGA\Transformations\file6.txt] created!
2023/10/08 22:37:10 - replica_1_2 - Finished job entry [File6] (result=[true])
2023/10/08 22:37:10 - Business Entity Address Excel input.0 - Finished processing (I=19614, O=0, R=0, W=19614, U=0, E=0)
2023/10/08 22:37:10 - Table output.0 - Finished processing (I=0, O=19614, R=19614, W=19614, U=0, E=0)
2023/10/08 22:37:10 - replica_1_2 - Starting entry [File8]
2023/10/08 22:37:10 - File8 - File [C:\REPOSITORIO\OMEGA\Transformations\file8.txt] created!
2023/10/08 22:37:10 - replica_1_2 - Finished job entry [File8] (result=[true])
2023/10/08 22:37:10 - PERSON_PHONE.0 - Finished processing (I=19972, O=0, R=0, W=19972, U=0, E=0)
2023/10/08 22:37:10 - Table output.0 - Finished processing (I=0, O=19972, R=19972, W=19972, U=0, E=0)
2023/10/08 22:37:10 - replica_3 - Starting entry [Person Phone File]
2023/10/08 22:37:10 - Person Phone File - File [C:\REPOSITORIO\OMEGA\Transformations\personPhoneFile.txt] created!
2023/10/08 22:37:10 - replica_3 - Finished job entry [Person Phone File] (result=[true])
2023/10/08 22:37:11 - Email Address Excel input.0 - Finished processing (I=19972, O=0, R=0, W=19972, U=0, E=0)
2023/10/08 22:37:11 - Table output.0 - Finished processing (I=0, O=19972, R=19972, W=19972, U=0, E=0)
2023/10/08 22:37:11 - replica_1_2 - Starting entry [File2]
2023/10/08 22:37:11 - File2 - File [C:\REPOSITORIO\OMEGA\Transformations\file2.txt] created!
2023/10/08 22:37:11 - replica_1_2 - Finished job entry [File2] (result=[true])
2023/10/08 22:37:11 - Wait2 - Detected file [C:\REPOSITORIO\OMEGA\Transformations\file2.txt] within timeout
2023/10/08 22:37:11 - replica_1_2 - Starting entry [Wait3]
2023/10/08 22:37:11 - Wait3 - Waiting 3600 seconds for file [C:\REPOSITORIO\OMEGA\Transformations\file3.txt]
2023/10/08 22:37:11 - Wait3 - Detected file [C:\REPOSITORIO\OMEGA\Transformations\file3.txt] within timeout
2023/10/08 22:37:11 - replica_1_2 - Starting entry [Wait4]
2023/10/08 22:37:11 - Wait4 - Waiting 3600 seconds for file [C:\REPOSITORIO\OMEGA\Transformations\file4.txt]
2023/10/08 22:37:11 - Wait4 - Detected file [C:\REPOSITORIO\OMEGA\Transformations\file4.txt] within timeout
2023/10/08 22:37:11 - replica_1_2 - Starting entry [Wait5]
2023/10/08 22:37:11 - Wait5 - Waiting 3600 seconds for file [C:\REPOSITORIO\OMEGA\Transformations\file5.txt]
2023/10/08 22:37:12 - Address Excel input.0 - Finished processing (I=19614, O=0, R=0, W=19614, U=0, E=0)
2023/10/08 22:37:12 - Table output.0 - Finished processing (I=0, O=19614, R=19614, W=19614, U=0, E=0)
2023/10/08 22:37:12 - replica_1_2 - Starting entry [File5]
2023/10/08 22:37:12 - File5 - File [C:\REPOSITORIO\OMEGA\Transformations\file5.txt] created!
2023/10/08 22:37:12 - replica_1_2 - Finished job entry [File5] (result=[true])
2023/10/08 22:37:13 - PERSON.0 - Finished processing (I=19972, O=0, R=0, W=19972, U=0, E=0)
2023/10/08 22:37:13 - Table output.0 - Finished processing (I=0, O=19972, R=19972, W=19972, U=0, E=0)
2023/10/08 22:37:13 - replica_3 - Starting entry [Person File]
2023/10/08 22:37:13 - Person File - File [C:\REPOSITORIO\OMEGA\Transformations\personFile.txt] created!
2023/10/08 22:37:13 - replica_3 - Starting entry [Wait Person]
2023/10/08 22:37:13 - Wait Person - Waiting 3600 seconds for file [C:\REPOSITORIO\OMEGA\Transformations\personFile.txt]
2023/10/08 22:37:13 - Wait Person - Detected file [C:\REPOSITORIO\OMEGA\Transformations\personFile.txt] within timeout
2023/10/08 22:37:13 - replica_3 - Starting entry [Wait Employee Deparment History]
2023/10/08 22:37:13 - Wait Employee Deparment History - Waiting 3600 seconds for file [C:\REPOSITORIO\OMEGA\Transformations\employeeDepartmentHistoryFile.txt]
2023/10/08 22:37:13 - Wait Employee Deparment History - Detected file [C:\REPOSITORIO\OMEGA\Transformations\employeeDepartmentHistoryFile.txt] within timeout
2023/10/08 22:37:13 - replica_3 - Starting entry [Wait Person Phone]
2023/10/08 22:37:13 - Wait Person Phone - Waiting 3600 seconds for file [C:\REPOSITORIO\OMEGA\Transformations\personPhoneFile.txt]
2023/10/08 22:37:13 - Wait Person Phone - Detected file [C:\REPOSITORIO\OMEGA\Transformations\personPhoneFile.txt] within timeout
2023/10/08 22:37:13 - replica_3 - Starting entry [Wait Product]
2023/10/08 22:37:13 - Wait Product - Waiting 3600 seconds for file [C:\REPOSITORIO\OMEGA\Transformations\productFile.txt]
2023/10/08 22:37:13 - Wait Product - Detected file [C:\REPOSITORIO\OMEGA\Transformations\productFile.txt] within timeout
2023/10/08 22:37:13 - replica_3 - Starting entry [Delete files]
2023/10/08 22:37:13 - replica_3 - Starting entry [OK]
2023/10/08 22:37:13 - FINALIZADO - CARGA DE DIMENSIONES FINALIZADA CON EXITO
2023/10/08 22:37:13 - replica_3 - Starting entry [Success]
2023/10/08 22:37:13 - replica_3 - Finished job entry [Success] (result=[true])
2023/10/08 22:37:13 - replica_3 - Finished job entry [OK] (result=[true])
2023/10/08 22:37:13 - replica_3 - Finished job entry [Delete files] (result=[true])
2023/10/08 22:37:13 - replica_3 - Finished job entry [Wait Product] (result=[true])
2023/10/08 22:37:13 - replica_3 - Finished job entry [Wait Person Phone] (result=[true])
2023/10/08 22:37:13 - replica_3 - Finished job entry [Wait Employee Deparment History] (result=[true])
2023/10/08 22:37:13 - replica_3 - Finished job entry [Wait Person] (result=[true])
2023/10/08 22:37:13 - replica_3 - Finished job entry [Person File] (result=[true])
2023/10/08 22:37:13 - replica_3 - Finished job entry [Dummy] (result=[true])
2023/10/08 22:37:13 - replica_3 - Finished job entry [Truncate tables] (result=[true])
2023/10/08 22:37:13 - replica - Starting entry [Ok]
2023/10/08 22:37:13 - FINALIZADO - CARGA DE REPLICAS FINALIZADA CON EXITO
2023/10/08 22:37:13 - replica - Starting entry [Success]
2023/10/08 22:37:13 - replica - Finished job entry [Success] (result=[true])
2023/10/08 22:37:13 - replica - Finished job entry [Ok] (result=[true])
2023/10/08 22:37:13 - Wait5 - Detected file [C:\REPOSITORIO\OMEGA\Transformations\file5.txt] within timeout
2023/10/08 22:37:13 - replica_1_2 - Starting entry [Wait6]
2023/10/08 22:37:13 - Wait6 - Waiting 3600 seconds for file [C:\REPOSITORIO\OMEGA\Transformations\file6.txt]
2023/10/08 22:37:13 - Wait6 - Detected file [C:\REPOSITORIO\OMEGA\Transformations\file6.txt] within timeout
2023/10/08 22:37:14 - replica_1_2 - Starting entry [Wait7]
2023/10/08 22:37:14 - Wait7 - Waiting 3600 seconds for file [C:\REPOSITORIO\OMEGA\Transformations\file7.txt]
2023/10/08 22:37:14 - Wait7 - Detected file [C:\REPOSITORIO\OMEGA\Transformations\file7.txt] within timeout
2023/10/08 22:37:14 - replica_1_2 - Starting entry [Wait8]
2023/10/08 22:37:14 - Wait8 - Waiting 3600 seconds for file [C:\REPOSITORIO\OMEGA\Transformations\file8.txt]
2023/10/08 22:37:14 - Wait8 - Detected file [C:\REPOSITORIO\OMEGA\Transformations\file8.txt] within timeout
2023/10/08 22:37:14 - replica_1_2 - Starting entry [Delete files]
2023/10/08 22:37:14 - replica_1_2 - Starting entry [OK]
2023/10/08 22:37:14 - FINALIZADO - CARGA DE DIMENSIONES FINALIZADA CON EXITO
2023/10/08 22:37:14 - replica_1_2 - Starting entry [Success]
2023/10/08 22:37:14 - replica_1_2 - Finished job entry [Success] (result=[true])
2023/10/08 22:37:14 - replica_1_2 - Finished job entry [OK] (result=[true])
2023/10/08 22:37:14 - replica_1_2 - Finished job entry [Delete files] (result=[true])
2023/10/08 22:37:14 - replica_1_2 - Finished job entry [Wait8] (result=[true])
2023/10/08 22:37:14 - replica_1_2 - Finished job entry [Wait7] (result=[true])
2023/10/08 22:37:14 - replica_1_2 - Finished job entry [Wait6] (result=[true])
2023/10/08 22:37:14 - replica_1_2 - Finished job entry [Wait5] (result=[true])
2023/10/08 22:37:14 - replica_1_2 - Finished job entry [Wait4] (result=[true])
2023/10/08 22:37:14 - replica_1_2 - Finished job entry [Wait3] (result=[true])
2023/10/08 22:37:14 - replica_1_2 - Finished job entry [Wait2] (result=[true])
2023/10/08 22:37:14 - replica_1_2 - Finished job entry [Wait1] (result=[true])
2023/10/08 22:37:14 - replica_1_2 - Finished job entry [File1] (result=[true])
2023/10/08 22:37:14 - replica_1_2 - Finished job entry [Dummy] (result=[true])
2023/10/08 22:37:14 - replica_1_2 - Finished job entry [Truncate tables] (result=[true])
2023/10/08 22:37:14 - replica - Starting entry [Ok]
2023/10/08 22:37:14 - FINALIZADO - CARGA DE REPLICAS FINALIZADA CON EXITO
2023/10/08 22:37:14 - replica - Starting entry [Success]
2023/10/08 22:37:14 - replica - Finished job entry [Success] (result=[true])
2023/10/08 22:37:14 - replica - Finished job entry [Ok] (result=[true])
2023/10/08 22:37:14 - replica - Finished job entry [Dummy] (result=[true])
2023/10/08 22:37:14 - main - Starting entry [Data warehouse]
2023/10/08 22:37:14 - Data warehouse - Using run configuration [Pentaho local]
2023/10/08 22:37:14 - data_warehouse - Starting entry [Dummy]
2023/10/08 22:37:14 - data_warehouse - Starting entry [Customers]
2023/10/08 22:37:14 - data_warehouse - Launched job entry [Customers] in parallel.
2023/10/08 22:37:14 - data_warehouse - Starting entry [Products]
2023/10/08 22:37:14 - data_warehouse - Launched job entry [Products] in parallel.
2023/10/08 22:37:14 - data_warehouse - Starting entry [Employees]
2023/10/08 22:37:14 - data_warehouse - Launched job entry [Employees] in parallel.
2023/10/08 22:37:14 - Customers - Using run configuration [Pentaho local]
2023/10/08 22:37:14 - DWCustomers - Dispatching started for transformation [DWCustomers]
2023/10/08 22:37:14 - Products - Using run configuration [Pentaho local]
2023/10/08 22:37:14 - DWProducts - Dispatching started for transformation [DWProducts]
2023/10/08 22:37:14 - Employees - Using run configuration [Pentaho local]
2023/10/08 22:37:14 - DWEmployees - Dispatching started for transformation [DWEmployees]
2023/10/08 22:37:14 - Products table output.0 - Connected to database [ORACLE_CONNECTION] (commit=1000)
2023/10/08 22:37:14 - Products table output.0 - Connected to database [ORACLE_CONNECTION] (commit=1000)
2023/10/08 22:37:14 - Products table output.0 - Connected to database [ORACLE_CONNECTION] (commit=1000)
2023/10/08 22:37:14 - Table input.0 - Finished reading query, closing connection
2023/10/08 22:37:14 - Add sequence.0 - Finished processing (I=0, O=0, R=295, W=295, U=0, E=0)
2023/10/08 22:37:14 - Table input.0 - Finished processing (I=295, O=0, R=0, W=295, U=0, E=0)
2023/10/08 22:37:14 - Table input.0 - Finished reading query, closing connection
2023/10/08 22:37:14 - Table input.0 - Finished processing (I=10084, O=0, R=0, W=10084, U=0, E=0)
2023/10/08 22:37:15 - Table input 2.0 - Finished reading query, closing connection
2023/10/08 22:37:15 - Table input 2.0 - Finished processing (I=92, O=0, R=0, W=92, U=0, E=0)
2023/10/08 22:37:15 - Add sequence.0 - Finished processing (I=0, O=0, R=92, W=92, U=0, E=0)
2023/10/08 22:37:15 - Add sequence.0 - Finished processing (I=0, O=0, R=10084, W=10084, U=0, E=0)
2023/10/08 22:37:15 - Products table output.0 - Finished processing (I=0, O=295, R=295, W=295, U=0, E=0)
2023/10/08 22:37:15 - data_warehouse - Starting entry [Products file]
2023/10/08 22:37:15 - Products file - File [C:\REPOSITORIO\OMEGA/products.txt] created!
2023/10/08 22:37:15 - data_warehouse - Finished job entry [Products file] (result=[true])
2023/10/08 22:37:15 - Products table output.0 - Finished processing (I=0, O=92, R=92, W=92, U=0, E=0)
2023/10/08 22:37:15 - data_warehouse - Starting entry [Employees file]
2023/10/08 22:37:15 - Employees file - File [C:\REPOSITORIO\OMEGA/employees.txt] created!
2023/10/08 22:37:15 - data_warehouse - Finished job entry [Employees file] (result=[true])
2023/10/08 22:37:15 - Products table output.0 - Finished processing (I=0, O=10084, R=10084, W=10084, U=0, E=0)
2023/10/08 22:37:15 - data_warehouse - Starting entry [Customers file]
2023/10/08 22:37:15 - Customers file - File [C:\REPOSITORIO\OMEGA/customers.txt] created!
2023/10/08 22:37:15 - data_warehouse - Starting entry [Wait costumers]
2023/10/08 22:37:15 - Wait costumers - Waiting 3600 seconds for file [C:\REPOSITORIO\OMEGA/customers.txt]
2023/10/08 22:37:15 - Wait costumers - Detected file [C:\REPOSITORIO\OMEGA/customers.txt] within timeout
2023/10/08 22:37:15 - data_warehouse - Starting entry [Wait products]
2023/10/08 22:37:15 - Wait products - Waiting 3600 seconds for file [C:\REPOSITORIO\OMEGA/products.txt]
2023/10/08 22:37:15 - Wait products - Detected file [C:\REPOSITORIO\OMEGA/products.txt] within timeout
2023/10/08 22:37:15 - data_warehouse - Starting entry [Wait employees]
2023/10/08 22:37:15 - Wait employees - Waiting 3600 seconds for file [C:\REPOSITORIO\OMEGA/employees.txt]
2023/10/08 22:37:15 - Wait employees - Detected file [C:\REPOSITORIO\OMEGA/employees.txt] within timeout
2023/10/08 22:37:15 - data_warehouse - Starting entry [Write to Log (2)]
2023/10/08 22:37:15 -  - Data warehouse transformations successful
2023/10/08 22:37:15 - data_warehouse - Starting entry [Delete files]
2023/10/08 22:37:15 - data_warehouse - Starting entry [Success]
2023/10/08 22:37:15 - data_warehouse - Finished job entry [Success] (result=[true])
2023/10/08 22:37:15 - data_warehouse - Finished job entry [Delete files] (result=[true])
2023/10/08 22:37:15 - data_warehouse - Finished job entry [Write to Log (2)] (result=[true])
2023/10/08 22:37:15 - data_warehouse - Finished job entry [Wait employees] (result=[true])
2023/10/08 22:37:15 - data_warehouse - Finished job entry [Wait products] (result=[true])
2023/10/08 22:37:15 - data_warehouse - Finished job entry [Wait costumers] (result=[true])
2023/10/08 22:37:15 - data_warehouse - Finished job entry [Customers file] (result=[true])
2023/10/08 22:37:15 - data_warehouse - Finished job entry [Dummy] (result=[true])
2023/10/08 22:37:15 - main - Starting entry [Mail]
2023/10/08 22:37:18 - main - Starting entry [Success]
2023/10/08 22:37:18 - main - Finished job entry [Success] (result=[true])
2023/10/08 22:37:18 - main - Finished job entry [Mail] (result=[true])
2023/10/08 22:37:18 - main - Finished job entry [Data warehouse] (result=[true])
2023/10/08 22:37:18 - main - Finished job entry [Replica] (result=[true])
2023/10/08 22:37:18 - main - Finished job entry [parameters] (result=[true])
2023/10/08 22:37:18 - main - Job execution finished
2023/10/08 22:37:18 - Kitchen - Finished!
2023/10/08 22:37:18 - Kitchen - Start=2023/10/08 22:36:58.016, Stop=2023/10/08 22:37:18.420
2023/10/08 22:37:18 - Kitchen - Processing ended after 20 seconds.
