2023/10/08 22:18:35 - Kitchen - Start of run.
2023/10/08 22:18:38 - main - Start of job execution
2023/10/08 22:18:38 - main - Starting entry [parameters]
2023/10/08 22:18:38 - parameters - ERROR (version 9.4.0.0-343, build 0.0 from 2022-11-08 07.50.27 by buildguy) : Unable to run job main. The parameters has an error. The transformation path C:\OMEGA\Transformations\parameters.ktr is invalid, and will not run successfully.
2023/10/08 22:18:38 - parameters - ERROR (version 9.4.0.0-343, build 0.0 from 2022-11-08 07.50.27 by buildguy) : org.pentaho.di.core.exception.KettleXMLException: 
2023/10/08 22:18:38 - parameters - The transformation path C:\OMEGA\Transformations\parameters.ktr is invalid, and will not run successfully.
2023/10/08 22:18:38 - parameters - 
2023/10/08 22:18:38 - parameters - 	at org.pentaho.di.trans.TransMeta.<init>(TransMeta.java:2793)
2023/10/08 22:18:38 - parameters - 	at org.pentaho.di.base.MetaFileLoaderImpl.getMetaForEntry(MetaFileLoaderImpl.java:165)
2023/10/08 22:18:38 - parameters - 	at org.pentaho.di.job.entries.trans.JobEntryTrans.getTransMeta(JobEntryTrans.java:1289)
2023/10/08 22:18:38 - parameters - 	at org.pentaho.di.job.entries.trans.JobEntryTrans.execute(JobEntryTrans.java:714)
2023/10/08 22:18:38 - parameters - 	at org.pentaho.di.job.Job.execute(Job.java:707)
2023/10/08 22:18:38 - parameters - 	at org.pentaho.di.job.Job.execute(Job.java:848)
2023/10/08 22:18:38 - parameters - 	at org.pentaho.di.job.Job.execute(Job.java:517)
2023/10/08 22:18:38 - parameters - 	at org.pentaho.di.job.Job.run(Job.java:395)
2023/10/08 22:18:38 - main - Starting entry [parameters error]
2023/10/08 22:18:38 - ERROR - ERROR (version 9.4.0.0-343, build 0.0 from 2022-11-08 07.50.27 by buildguy) : ERROR DURANTE LA CARGA DE LOS PARAMETROS
2023/10/08 22:18:38 - main - Starting entry [Mail 2]
2023/10/08 22:18:41 - main - Starting entry [Abort main job ]
2023/10/08 22:18:41 - Abort main job  - ERROR (version 9.4.0.0-343, build 0.0 from 2022-11-08 07.50.27 by buildguy) : Main job abortado
2023/10/08 22:18:41 - main - Finished job entry [Abort main job ] (result=[false])
2023/10/08 22:18:41 - main - Finished job entry [Mail 2] (result=[false])
2023/10/08 22:18:41 - main - Finished job entry [parameters error] (result=[false])
2023/10/08 22:18:41 - main - Finished job entry [parameters] (result=[false])
2023/10/08 22:18:41 - main - Job execution finished
2023/10/08 22:18:41 - Kitchen - Finished!
2023/10/08 22:18:41 - Kitchen - ERROR (version 9.4.0.0-343, build 0.0 from 2022-11-08 07.50.27 by buildguy) : Finished with errors
2023/10/08 22:18:41 - Kitchen - Start=2023/10/08 22:18:38.569, Stop=2023/10/08 22:18:41.379
2023/10/08 22:18:41 - Kitchen - Processing ended after 2 seconds.
