2023/10/08 22:20:51 - Kitchen - Start of run.
2023/10/08 22:20:55 - main - Start of job execution
2023/10/08 22:20:55 - main - Starting entry [parameters]
2023/10/08 22:20:55 - parameters - Using run configuration [Pentaho local]
2023/10/08 22:20:55 - parameters - Dispatching started for transformation [parameters]
2023/10/08 22:20:57 - Table input.0 - Finished reading query, closing connection
2023/10/08 22:20:57 - Sort rows.0 - Finished processing (I=0, O=0, R=8, W=8, U=0, E=0)
2023/10/08 22:20:57 - Table input.0 - Finished processing (I=8, O=0, R=0, W=8, U=0, E=0)
2023/10/08 22:20:57 - Row denormaliser.0 - Finished processing (I=0, O=0, R=8, W=1, U=0, E=0)
2023/10/08 22:20:57 - Set variables.0 - Setting environment variables...
2023/10/08 22:20:57 - Select values.0 - Finished processing (I=0, O=0, R=1, W=1, U=0, E=0)
2023/10/08 22:20:57 - Set variables.0 - Set variable SISTEMA to value [OMEGA]
2023/10/08 22:20:57 - Set variables.0 - Set variable HOSTNAME to value [localhost]
2023/10/08 22:20:57 - Set variables.0 - Set variable DATABASENAME to value [xe]
2023/10/08 22:20:57 - Set variables.0 - Set variable PORTNUMBER to value [1521]
2023/10/08 22:20:57 - Set variables.0 - Set variable USERNAME to value [SYSTEM]
2023/10/08 22:20:57 - Set variables.0 - Set variable PASSWORD to value [cmcc]
2023/10/08 22:20:57 - Set variables.0 - Set variable SCHEMA to value [ODS]
2023/10/08 22:20:57 - Set variables.0 - Set variable SCHEMA_DW to value [DATA_WAREHOUSE]
2023/10/08 22:20:57 - Set variables.0 - Set variable DIR_FILE to value [C:\REPOSITORIO\OMEGA]
2023/10/08 22:20:57 - Set variables.0 - Finished after 1 rows.
2023/10/08 22:20:57 - Set variables.0 - Finished processing (I=0, O=0, R=1, W=1, U=0, E=0)
2023/10/08 22:20:57 - main - Starting entry [Replica]
2023/10/08 22:20:57 - Replica - Using run configuration [Pentaho local]
2023/10/08 22:20:57 - replica - Starting entry [Dummy]
2023/10/08 22:20:57 - replica - Starting entry [replica 4]
2023/10/08 22:20:57 - replica - Launched job entry [replica 4] in parallel.
2023/10/08 22:20:57 - replica - Starting entry [Replica 3]
2023/10/08 22:20:57 - replica - Launched job entry [Replica 3] in parallel.
2023/10/08 22:20:57 - replica - Starting entry [Replica 1 2]
2023/10/08 22:20:57 - replica - Launched job entry [Replica 1 2] in parallel.
2023/10/08 22:20:57 - replica 4 - Using run configuration [Pentaho local]
2023/10/08 22:20:57 - Replica 3 - Using run configuration [Pentaho local]
2023/10/08 22:20:57 - replica_4 - Starting entry [Truncate tables]
2023/10/08 22:20:57 - replica_3 - Starting entry [Truncate tables]
2023/10/08 22:20:57 - Replica 1 2 - Using run configuration [Pentaho local]
2023/10/08 22:20:57 - replica_1_2 - Starting entry [Truncate tables]
2023/10/08 22:20:58 - replica_4 - Starting entry [Dummy]
2023/10/08 22:20:58 - replica_4 - Starting entry [Product Category]
2023/10/08 22:20:58 - replica_4 - Launched job entry [Product Category] in parallel.
2023/10/08 22:20:58 - replica_4 - Starting entry [Product Subcategory]
2023/10/08 22:20:58 - replica_4 - Launched job entry [Product Subcategory] in parallel.
2023/10/08 22:20:58 - replica_4 - Starting entry [State Province]
2023/10/08 22:20:58 - replica_4 - Launched job entry [State Province] in parallel.
2023/10/08 22:20:58 - Product Subcategory - Using run configuration [Pentaho local]
2023/10/08 22:20:58 - State Province - Using run configuration [Pentaho local]
2023/10/08 22:20:58 - StateProvince - Dispatching started for transformation [StateProvince]
2023/10/08 22:20:58 - ProductSubcategory - Dispatching started for transformation [ProductSubcategory]
2023/10/08 22:20:58 - Product Category - Using run configuration [Pentaho local]
2023/10/08 22:20:58 - ProductCategory - Dispatching started for transformation [ProductCategory]
2023/10/08 22:20:58 - replica_3 - Starting entry [Dummy]
2023/10/08 22:20:58 - replica_3 - Starting entry [Person]
2023/10/08 22:20:58 - replica_3 - Launched job entry [Person] in parallel.
2023/10/08 22:20:58 - replica_3 - Starting entry [EmployeePayHistory]
2023/10/08 22:20:58 - replica_3 - Launched job entry [EmployeePayHistory] in parallel.
2023/10/08 22:20:58 - replica_3 - Starting entry [PersonPhone]
2023/10/08 22:20:58 - EmployeePayHistory - ERROR (version 9.4.0.0-343, build 0.0 from 2022-11-08 07.50.27 by buildguy) : Unable to run job replica_3. The EmployeePayHistory has an error. The transformation path C:\OMEGA\Transformations\EmployeePayHistory.ktr is invalid, and will not run successfully.
2023/10/08 22:20:58 - replica_3 - Launched job entry [PersonPhone] in parallel.
2023/10/08 22:20:58 - Person - Using run configuration [Pentaho local]
2023/10/08 22:20:58 - replica_3 - Starting entry [Product]
2023/10/08 22:20:58 - EmployeePayHistory - ERROR (version 9.4.0.0-343, build 0.0 from 2022-11-08 07.50.27 by buildguy) : org.pentaho.di.core.exception.KettleXMLException: 
2023/10/08 22:20:58 - EmployeePayHistory - The transformation path C:\OMEGA\Transformations\EmployeePayHistory.ktr is invalid, and will not run successfully.
2023/10/08 22:20:58 - EmployeePayHistory - 
2023/10/08 22:20:58 - EmployeePayHistory - 	at org.pentaho.di.trans.TransMeta.<init>(TransMeta.java:2793)
2023/10/08 22:20:58 - EmployeePayHistory - 	at org.pentaho.di.base.MetaFileLoaderImpl.getMetaForEntry(MetaFileLoaderImpl.java:165)
2023/10/08 22:20:58 - EmployeePayHistory - 	at org.pentaho.di.job.entries.trans.JobEntryTrans.getTransMeta(JobEntryTrans.java:1289)
2023/10/08 22:20:58 - EmployeePayHistory - 	at org.pentaho.di.job.entries.trans.JobEntryTrans.execute(JobEntryTrans.java:714)
2023/10/08 22:20:58 - EmployeePayHistory - 	at org.pentaho.di.job.Job.execute(Job.java:707)
2023/10/08 22:20:58 - EmployeePayHistory - 	at org.pentaho.di.job.Job.access$000(Job.java:123)
2023/10/08 22:20:58 - EmployeePayHistory - 	at org.pentaho.di.job.Job$1.run(Job.java:825)
2023/10/08 22:20:58 - EmployeePayHistory - 	at java.base/java.lang.Thread.run(Thread.java:833)
2023/10/08 22:20:58 - Person - Dispatching started for transformation [Person]
2023/10/08 22:20:58 - replica_3 - Launched job entry [Product] in parallel.
2023/10/08 22:20:58 - replica_3 - Starting entry [Error2]
2023/10/08 22:20:58 - ERROR - ERROR (version 9.4.0.0-343, build 0.0 from 2022-11-08 07.50.27 by buildguy) : REPLICA_3: ERROR AL CARGAR DATOS
2023/10/08 22:20:58 - replica_3 - Starting entry [Abort job]
2023/10/08 22:20:58 - Abort job - ERROR (version 9.4.0.0-343, build 0.0 from 2022-11-08 07.50.27 by buildguy) : Aborting job.
2023/10/08 22:20:58 - replica_3 - Finished job entry [Abort job] (result=[false])
2023/10/08 22:20:58 - replica_3 - Finished job entry [Error2] (result=[false])
2023/10/08 22:20:58 - PersonPhone - Using run configuration [Pentaho local]
2023/10/08 22:20:58 - PersonPhone - Dispatching started for transformation [PersonPhone]
2023/10/08 22:20:58 - Product - Using run configuration [Pentaho local]
2023/10/08 22:20:58 - Product - Dispatching started for transformation [Product]
2023/10/08 22:20:58 - replica_1_2 - Starting entry [Dummy]
2023/10/08 22:20:58 - replica_1_2 - Starting entry [Department]
2023/10/08 22:20:58 - replica_1_2 - Launched job entry [Department] in parallel.
2023/10/08 22:20:58 - replica_1_2 - Starting entry [EmailAddress]
2023/10/08 22:20:58 - replica_1_2 - Launched job entry [EmailAddress] in parallel.
2023/10/08 22:20:58 - replica_1_2 - Starting entry [Employee]
2023/10/08 22:20:58 - Table output.0 - Connected to database [ORACLE_CONNECTION] (commit=1000)
2023/10/08 22:20:58 - replica_1_2 - Launched job entry [Employee] in parallel.
2023/10/08 22:20:58 - replica_1_2 - Starting entry [EmployeeDeptHistory]
2023/10/08 22:20:58 - replica_1_2 - Launched job entry [EmployeeDeptHistory] in parallel.
2023/10/08 22:20:58 - replica_1_2 - Starting entry [Address]
2023/10/08 22:20:58 - Department - Using run configuration [Pentaho local]
2023/10/08 22:20:58 - replica_1_2 - Launched job entry [Address] in parallel.
2023/10/08 22:20:58 - DepartmentTrf - Dispatching started for transformation [DepartmentTrf]
2023/10/08 22:20:58 - replica_1_2 - Starting entry [BusinessEntity]
2023/10/08 22:20:58 - replica_1_2 - Launched job entry [BusinessEntity] in parallel.
2023/10/08 22:20:58 - replica_1_2 - Starting entry [CountryRegion]
2023/10/08 22:20:58 - replica_1_2 - Launched job entry [CountryRegion] in parallel.
2023/10/08 22:20:58 - replica_1_2 - Starting entry [BusinessEntityAddress]
2023/10/08 22:20:58 - replica_1_2 - Launched job entry [BusinessEntityAddress] in parallel.
2023/10/08 22:20:58 - EmailAddress - Using run configuration [Pentaho local]
2023/10/08 22:20:58 - EmailAddress - Dispatching started for transformation [EmailAddress]
2023/10/08 22:20:58 - Table output.0 - Connected to database [ORACLE_CONNECTION] (commit=1000)
2023/10/08 22:20:58 - EmployeeDeptHistory - Using run configuration [Pentaho local]
2023/10/08 22:20:58 - EmployeeDepartmentHistoryTrf - Dispatching started for transformation [EmployeeDepartmentHistoryTrf]
2023/10/08 22:20:58 - Address - Using run configuration [Pentaho local]
2023/10/08 22:20:58 - Address - Dispatching started for transformation [Address]
2023/10/08 22:20:58 - CountryRegion - Using run configuration [Pentaho local]
2023/10/08 22:20:58 - CountryRegion - Dispatching started for transformation [CountryRegion]
2023/10/08 22:20:58 - Employee - Using run configuration [Pentaho local]
2023/10/08 22:20:58 - Table output.0 - Connected to database [ORACLE_CONNECTION] (commit=1000)
2023/10/08 22:20:58 - EmployeeTrf - Dispatching started for transformation [EmployeeTrf]
2023/10/08 22:20:58 - BusinessEntity - Using run configuration [Pentaho local]
2023/10/08 22:20:58 - BusinessEntityAddress - Using run configuration [Pentaho local]
2023/10/08 22:20:58 - BusinessEntity - Dispatching started for transformation [BusinessEntity]
2023/10/08 22:20:58 - Table output.0 - Connected to database [ORACLE_CONNECTION] (commit=1000)
2023/10/08 22:20:58 - BusinessEntityAddress - Dispatching started for transformation [BusinessEntityAddress]
2023/10/08 22:20:58 - Table output.0 - Connected to database [ORACLE_CONNECTION] (commit=1000)
2023/10/08 22:20:58 - Table output.0 - Connected to database [ORACLE_CONNECTION] (commit=1000)
2023/10/08 22:20:58 - Table output.0 - Connected to database [ORACLE_CONNECTION] (commit=1000)
2023/10/08 22:20:58 - Table output.0 - Connected to database [ORACLE_CONNECTION] (commit=1000)
2023/10/08 22:20:58 - Table output.0 - Connected to database [ORACLE_CONNECTION] (commit=1000)
2023/10/08 22:20:58 - Table output.0 - Connected to database [ORACLE_CONNECTION] (commit=1000)
2023/10/08 22:20:58 - Table output.0 - Connected to database [ORACLE_CONNECTION] (commit=1000)
2023/10/08 22:20:58 - Table output.0 - Connected to database [ORACLE_CONNECTION] (commit=1000)
2023/10/08 22:20:59 - Table output.0 - Connected to database [ORACLE_CONNECTION] (commit=1000)
2023/10/08 22:20:59 - Table output.0 - Connected to database [ORACLE_CONNECTION] (commit=1000)
2023/10/08 22:20:59 - Select values.0 - Finished processing (I=0, O=0, R=4, W=4, U=0, E=0)
2023/10/08 22:20:59 - Microsoft Excel input.0 - Finished processing (I=37, O=0, R=0, W=37, U=0, E=0)
2023/10/08 22:20:59 - Select values.0 - Finished processing (I=0, O=0, R=37, W=37, U=0, E=0)
2023/10/08 22:20:59 - Department Excel input.0 - Finished processing (I=16, O=0, R=0, W=16, U=0, E=0)
2023/10/08 22:21:00 - Employee Excel input.0 - Finished processing (I=290, O=0, R=0, W=290, U=0, E=0)
2023/10/08 22:20:59 - Microsoft Excel input.0 - Finished processing (I=4, O=0, R=0, W=4, U=0, E=0)
2023/10/08 22:20:59 - Select values.0 - Finished processing (I=0, O=0, R=181, W=181, U=0, E=0)
2023/10/08 22:21:00 - Employee Department History Excel input.0 - Finished processing (I=296, O=0, R=0, W=296, U=0, E=0)
2023/10/08 22:20:59 - Microsoft Excel input.0 - Finished processing (I=181, O=0, R=0, W=181, U=0, E=0)
2023/10/08 22:20:59 - Country Region Excel input.0 - Finished processing (I=238, O=0, R=0, W=238, U=0, E=0)
2023/10/08 22:20:59 - PRODUCT.0 - Finished processing (I=1, O=0, R=0, W=0, U=0, E=0)
2023/10/08 22:21:00 - Table output.0 - Finished processing (I=0, O=16, R=16, W=16, U=0, E=0)
2023/10/08 22:21:00 - Table output.0 - Finished processing (I=0, O=238, R=238, W=238, U=0, E=0)
2023/10/08 22:21:00 - replica_1_2 - Starting entry [File1]
2023/10/08 22:21:00 - replica_1_2 - Starting entry [File7]
2023/10/08 22:21:00 - File7 - File [C:\REPOSITORIO\OMEGA\Transformations\file7.txt] created!
2023/10/08 22:21:00 - File1 - File [C:\REPOSITORIO\OMEGA\Transformations\file1.txt] created!
2023/10/08 22:21:00 - replica_1_2 - Finished job entry [File7] (result=[true])
2023/10/08 22:21:00 - replica_1_2 - Starting entry [Wait1]
2023/10/08 22:21:00 - Wait1 - Waiting 3600 seconds for file [C:\REPOSITORIO\OMEGA\Transformations\file1.txt]
2023/10/08 22:21:00 - Table output.0 - Finished processing (I=0, O=290, R=290, W=290, U=0, E=0)
2023/10/08 22:21:00 - replica_1_2 - Starting entry [File3]
2023/10/08 22:21:00 - Wait1 - Detected file [C:\REPOSITORIO\OMEGA\Transformations\file1.txt] within timeout
2023/10/08 22:21:01 - replica_1_2 - Starting entry [Wait2]
2023/10/08 22:21:01 - File3 - File [C:\REPOSITORIO\OMEGA\Transformations\file3.txt] created!
2023/10/08 22:21:01 - Wait2 - Waiting 3600 seconds for file [C:\REPOSITORIO\OMEGA\Transformations\file2.txt]
2023/10/08 22:21:01 - replica_1_2 - Finished job entry [File3] (result=[true])
2023/10/08 22:21:01 - Table output.0 - Finished processing (I=0, O=37, R=37, W=37, U=0, E=0)
2023/10/08 22:21:01 - Table output.0 - Finished processing (I=0, O=4, R=4, W=4, U=0, E=0)
2023/10/08 22:21:01 - Table output.0 - Finished processing (I=0, O=181, R=181, W=181, U=0, E=0)
2023/10/08 22:21:01 - Table output.0 - Finished processing (I=0, O=296, R=296, W=296, U=0, E=0)
2023/10/08 22:21:01 - replica_4 - Starting entry [Product Subcategory File]
2023/10/08 22:21:01 - replica_4 - Starting entry [Product Category File]
2023/10/08 22:21:01 - replica_4 - Starting entry [State Province File]
2023/10/08 22:21:01 - replica_1_2 - Starting entry [File4]
2023/10/08 22:21:01 - Product Subcategory File - File [C:\REPOSITORIO\OMEGA\productSubcategoryFile.txt] created!
2023/10/08 22:21:01 - replica_4 - Finished job entry [Product Subcategory File] (result=[true])
2023/10/08 22:21:01 - File4 - File [C:\REPOSITORIO\OMEGA\Transformations\file4.txt] created!
2023/10/08 22:21:01 - Product Category File - File [C:\REPOSITORIO\OMEGA\productCategoryFile.txt] created!
2023/10/08 22:21:01 - State Province File - File [C:\REPOSITORIO\OMEGA\stateProvinceFile.txt] created!
2023/10/08 22:21:01 - replica_4 - Starting entry [Wait Product Category File]
2023/10/08 22:21:01 - replica_1_2 - Finished job entry [File4] (result=[true])
2023/10/08 22:21:01 - Wait Product Category File - Waiting 3600 seconds for file [C:\REPOSITORIO\OMEGA\productCategoryFile.txt]
2023/10/08 22:21:01 - replica_4 - Finished job entry [State Province File] (result=[true])
2023/10/08 22:21:01 - Wait Product Category File - Detected file [C:\REPOSITORIO\OMEGA\productCategoryFile.txt] within timeout
2023/10/08 22:21:01 - replica_4 - Starting entry [Wait Product SubCategory File]
2023/10/08 22:21:01 - Wait Product SubCategory File - Waiting 3600 seconds for file [C:\REPOSITORIO\OMEGA\productSubcategoryFile.txt]
2023/10/08 22:21:01 - Wait Product SubCategory File - Detected file [C:\REPOSITORIO\OMEGA\productSubcategoryFile.txt] within timeout
2023/10/08 22:21:01 - replica_4 - Starting entry [Wait State Province File]
2023/10/08 22:21:01 - Wait State Province File - Waiting 3600 seconds for file [C:\REPOSITORIO\OMEGA\stateProvinceFile.txt]
2023/10/08 22:21:01 - Wait State Province File - Detected file [C:\REPOSITORIO\OMEGA\stateProvinceFile.txt] within timeout
2023/10/08 22:21:01 - replica_4 - Starting entry [Delete files]
2023/10/08 22:21:01 - replica_4 - Starting entry [OK]
2023/10/08 22:21:02 - FINALIZADO - CARGA DE REPLICA 4 FINALIZADA CON EXITO
2023/10/08 22:21:02 - replica_4 - Starting entry [Success]
2023/10/08 22:21:02 - replica_4 - Finished job entry [Success] (result=[true])
2023/10/08 22:21:02 - replica_4 - Finished job entry [OK] (result=[true])
2023/10/08 22:21:02 - replica_4 - Finished job entry [Delete files] (result=[true])
2023/10/08 22:21:02 - replica_4 - Finished job entry [Wait State Province File] (result=[true])
2023/10/08 22:21:02 - replica_4 - Finished job entry [Wait Product SubCategory File] (result=[true])
2023/10/08 22:21:02 - replica_4 - Finished job entry [Wait Product Category File] (result=[true])
2023/10/08 22:21:02 - replica_4 - Finished job entry [Product Category File] (result=[true])
2023/10/08 22:21:02 - replica_4 - Finished job entry [Dummy] (result=[true])
2023/10/08 22:21:02 - replica_4 - Finished job entry [Truncate tables] (result=[true])
2023/10/08 22:21:02 - replica - Starting entry [Ok]
2023/10/08 22:21:02 - FINALIZADO - CARGA DE REPLICAS FINALIZADA CON EXITO
2023/10/08 22:21:02 - replica - Starting entry [Success]
2023/10/08 22:21:02 - replica - Finished job entry [Success] (result=[true])
2023/10/08 22:21:02 - replica - Finished job entry [Ok] (result=[true])
2023/10/08 22:21:03 - PERSON_PHONE.0 - Finished processing (I=1, O=0, R=0, W=0, U=0, E=0)
2023/10/08 22:21:04 - Business Entity Address Excel input.0 - Finished processing (I=19614, O=0, R=0, W=19614, U=0, E=0)
2023/10/08 22:21:05 - Table output.0 - Finished processing (I=0, O=19614, R=19614, W=19614, U=0, E=0)
2023/10/08 22:21:05 - replica_1_2 - Starting entry [File8]
2023/10/08 22:21:05 - File8 - File [C:\REPOSITORIO\OMEGA\Transformations\file8.txt] created!
2023/10/08 22:21:05 - replica_1_2 - Finished job entry [File8] (result=[true])
2023/10/08 22:21:05 - PERSON.0 - Finished processing (I=1, O=0, R=0, W=0, U=0, E=0)
2023/10/08 22:21:05 - replica_3 - Finished job entry [Dummy] (result=[false])
2023/10/08 22:21:05 - replica_3 - Finished job entry [Truncate tables] (result=[false])
2023/10/08 22:21:05 - replica - Starting entry [Error]
2023/10/08 22:21:05 - ERROR - ERROR (version 9.4.0.0-343, build 0.0 from 2022-11-08 07.50.27 by buildguy) : ERROR AL CARGAR REPLICAS
2023/10/08 22:21:05 - replica - Starting entry [Abort job]
2023/10/08 22:21:05 - Abort job - ERROR (version 9.4.0.0-343, build 0.0 from 2022-11-08 07.50.27 by buildguy) : Aborting job.
2023/10/08 22:21:05 - replica - Finished job entry [Abort job] (result=[false])
2023/10/08 22:21:05 - Email Address Excel input.0 - Finished processing (I=12001, O=0, R=0, W=12000, U=0, E=0)
2023/10/08 22:21:05 - Address Excel input.0 - Finished processing (I=15717, O=0, R=0, W=15716, U=0, E=0)
2023/10/08 22:21:05 - replica - Finished job entry [Error] (result=[false])
2023/10/08 22:21:05 - replica - Finished job entry [Dummy] (result=[false])
2023/10/08 22:21:05 - Business Entity Excel input.0 - Finished processing (I=19833, O=0, R=0, W=19832, U=0, E=0)
2023/10/08 22:21:05 - Table output.0 - Finished processing (I=0, O=15597, R=15597, W=15000, U=0, E=0)
2023/10/08 22:21:05 - main - Starting entry [error]
2023/10/08 22:21:05 - Table output.0 - Finished processing (I=0, O=15000, R=15000, W=14000, U=0, E=0)
2023/10/08 22:21:05 - Table output.0 - Finished processing (I=0, O=11892, R=11892, W=11000, U=0, E=0)
2023/10/08 22:21:05 - ERROR - ERROR (version 9.4.0.0-343, build 0.0 from 2022-11-08 07.50.27 by buildguy) : ERROR DURANTE FLUJO DE CARGA
2023/10/08 22:21:06 - main - Starting entry [Mail 2]
2023/10/08 22:21:07 - replica_1_2 - Finished job entry [Wait2] (result=[false])
2023/10/08 22:21:07 - replica_1_2 - Finished job entry [Wait1] (result=[false])
2023/10/08 22:21:07 - replica_1_2 - Finished job entry [File1] (result=[false])
2023/10/08 22:21:07 - replica_1_2 - Finished job entry [Dummy] (result=[true])
2023/10/08 22:21:07 - replica_1_2 - Finished job entry [Truncate tables] (result=[true])
2023/10/08 22:21:08 - main - Starting entry [Abort main job ]
2023/10/08 22:21:08 - Abort main job  - ERROR (version 9.4.0.0-343, build 0.0 from 2022-11-08 07.50.27 by buildguy) : Main job abortado
2023/10/08 22:21:08 - main - Finished job entry [Abort main job ] (result=[false])
2023/10/08 22:21:08 - main - Finished job entry [Mail 2] (result=[false])
2023/10/08 22:21:08 - main - Finished job entry [error] (result=[false])
2023/10/08 22:21:08 - main - Finished job entry [Replica] (result=[false])
2023/10/08 22:21:08 - main - Finished job entry [parameters] (result=[false])
2023/10/08 22:21:08 - main - Job execution finished
2023/10/08 22:21:08 - Kitchen - Finished!
2023/10/08 22:21:08 - Kitchen - ERROR (version 9.4.0.0-343, build 0.0 from 2022-11-08 07.50.27 by buildguy) : Finished with errors
2023/10/08 22:21:08 - Kitchen - Start=2023/10/08 22:20:55.428, Stop=2023/10/08 22:21:08.343
2023/10/08 22:21:08 - Kitchen - Processing ended after 12 seconds.
